<?xml version="1.0" encoding="UTF-8"?>
<testsuite xmlns:xsi="http://www.w3.org/2001/XMLSchema-instance" xsi:noNamespaceSchemaLocation="https://maven.apache.org/surefire/maven-surefire-plugin/xsd/surefire-test-report.xsd" name="AdivinaTest.AdivinaTest" time="0.022" tests="1" errors="0" skipped="0" failures="0">
  <properties>
    <property name="sun.desktop" value="windows"/>
    <property name="awt.toolkit" value="sun.awt.windows.WToolkit"/>
    <property name="file.encoding.pkg" value="sun.io"/>
    <property name="java.specification.version" value="1.8"/>
    <property name="sun.cpu.isalist" value="amd64"/>
    <property name="sun.jnu.encoding" value="Cp1252"/>
    <property name="java.class.path" value="C:\Users\juan.nieto-mo\Documents\laboratorio6CVDS\target\test-classes;C:\Users\juan.nieto-mo\Documents\laboratorio6CVDS\target\classes;C:\Users\juan.nieto-mo\.m2\repository\junit\junit\4.11\junit-4.11.jar;C:\Users\juan.nieto-mo\.m2\repository\org\hamcrest\hamcrest-core\1.3\hamcrest-core-1.3.jar;C:\Users\juan.nieto-mo\.m2\repository\com\google\code\gson\gson\2.8.5\gson-2.8.5.jar;C:\Users\juan.nieto-mo\.m2\repository\javax\javaee-api\8.0.1\javaee-api-8.0.1.jar;C:\Users\juan.nieto-mo\.m2\repository\com\sun\mail\javax.mail\1.6.2\javax.mail-1.6.2.jar;C:\Users\juan.nieto-mo\.m2\repository\javax\activation\activation\1.1\activation-1.1.jar;C:\Users\juan.nieto-mo\.m2\repository\com\sun\faces\jsf-api\2.2.20\jsf-api-2.2.20.jar;C:\Users\juan.nieto-mo\.m2\repository\com\sun\faces\jsf-impl\2.2.20\jsf-impl-2.2.20.jar;C:\Users\juan.nieto-mo\.m2\repository\javax\servlet\jstl\1.2\jstl-1.2.jar;C:\Users\juan.nieto-mo\.m2\repository\org\primefaces\primefaces\7.0\primefaces-7.0.jar;"/>
    <property name="java.vm.vendor" value="Oracle Corporation"/>
    <property name="sun.arch.data.model" value="64"/>
    <property name="user.variant" value=""/>
    <property name="java.vendor.url" value="http://java.oracle.com/"/>
    <property name="user.timezone" value="America/Bogota"/>
    <property name="java.vm.specification.version" value="1.8"/>
    <property name="os.name" value="Windows 10"/>
    <property name="user.country" value="US"/>
    <property name="sun.java.launcher" value="SUN_STANDARD"/>
    <property name="sun.boot.library.path" value="C:\Program Files\Java\jdk1.8.0_201\jre\bin"/>
    <property name="sun.java.command" value="C:\Users\JUAN~1.NIE\AppData\Local\Temp\surefire7016470520462395800\surefirebooter6543152066933743798.jar C:\Users\juan.nieto-mo\AppData\Local\Temp\surefire7016470520462395800 2020-03-06T14-18-30_991-jvmRun1 surefire7095401949647468981tmp surefire_05297308201810456644tmp"/>
    <property name="surefire.test.class.path" value="C:\Users\juan.nieto-mo\Documents\laboratorio6CVDS\target\test-classes;C:\Users\juan.nieto-mo\Documents\laboratorio6CVDS\target\classes;C:\Users\juan.nieto-mo\.m2\repository\junit\junit\4.11\junit-4.11.jar;C:\Users\juan.nieto-mo\.m2\repository\org\hamcrest\hamcrest-core\1.3\hamcrest-core-1.3.jar;C:\Users\juan.nieto-mo\.m2\repository\com\google\code\gson\gson\2.8.5\gson-2.8.5.jar;C:\Users\juan.nieto-mo\.m2\repository\javax\javaee-api\8.0.1\javaee-api-8.0.1.jar;C:\Users\juan.nieto-mo\.m2\repository\com\sun\mail\javax.mail\1.6.2\javax.mail-1.6.2.jar;C:\Users\juan.nieto-mo\.m2\repository\javax\activation\activation\1.1\activation-1.1.jar;C:\Users\juan.nieto-mo\.m2\repository\com\sun\faces\jsf-api\2.2.20\jsf-api-2.2.20.jar;C:\Users\juan.nieto-mo\.m2\repository\com\sun\faces\jsf-impl\2.2.20\jsf-impl-2.2.20.jar;C:\Users\juan.nieto-mo\.m2\repository\javax\servlet\jstl\1.2\jstl-1.2.jar;C:\Users\juan.nieto-mo\.m2\repository\org\primefaces\primefaces\7.0\primefaces-7.0.jar;"/>
    <property name="sun.cpu.endian" value="little"/>
    <property name="user.home" value="C:\Users\juan.nieto-mo"/>
    <property name="user.language" value="en"/>
    <property name="java.specification.vendor" value="Oracle Corporation"/>
    <property name="java.home" value="C:\Program Files\Java\jdk1.8.0_201\jre"/>
    <property name="basedir" value="C:\Users\juan.nieto-mo\Documents\laboratorio6CVDS"/>
    <property name="file.separator" value="\"/>
    <property name="line.separator" value="&#10;"/>
    <property name="java.vm.specification.vendor" value="Oracle Corporation"/>
    <property name="java.specification.name" value="Java Platform API Specification"/>
    <property name="java.awt.graphicsenv" value="sun.awt.Win32GraphicsEnvironment"/>
    <property name="surefire.real.class.path" value="C:\Users\JUAN~1.NIE\AppData\Local\Temp\surefire7016470520462395800\surefirebooter6543152066933743798.jar"/>
    <property name="sun.boot.class.path" value="C:\Program Files\Java\jdk1.8.0_201\jre\lib\resources.jar;C:\Program Files\Java\jdk1.8.0_201\jre\lib\rt.jar;C:\Program Files\Java\jdk1.8.0_201\jre\lib\sunrsasign.jar;C:\Program Files\Java\jdk1.8.0_201\jre\lib\jsse.jar;C:\Program Files\Java\jdk1.8.0_201\jre\lib\jce.jar;C:\Program Files\Java\jdk1.8.0_201\jre\lib\charsets.jar;C:\Program Files\Java\jdk1.8.0_201\jre\lib\jfr.jar;C:\Program Files\Java\jdk1.8.0_201\jre\classes"/>
    <property name="user.script" value=""/>
    <property name="sun.management.compiler" value="HotSpot 64-Bit Tiered Compilers"/>
    <property name="java.runtime.version" value="1.8.0_201-b09"/>
    <property name="user.name" value="juan.nieto-mo"/>
    <property name="path.separator" value=";"/>
    <property name="os.version" value="10.0"/>
    <property name="java.endorsed.dirs" value="C:\Program Files\Java\jdk1.8.0_201\jre\lib\endorsed"/>
    <property name="java.runtime.name" value="Java(TM) SE Runtime Environment"/>
    <property name="file.encoding" value="Cp1252"/>
    <property name="java.vm.name" value="Java HotSpot(TM) 64-Bit Server VM"/>
    <property name="localRepository" value="C:\Users\juan.nieto-mo\.m2\repository"/>
    <property name="java.vendor.url.bug" value="http://bugreport.sun.com/bugreport/"/>
    <property name="java.io.tmpdir" value="C:\Users\JUAN~1.NIE\AppData\Local\Temp\"/>
    <property name="java.version" value="1.8.0_201"/>
    <property name="user.dir" value="C:\Users\juan.nieto-mo\Documents\laboratorio6CVDS"/>
    <property name="os.arch" value="amd64"/>
    <property name="java.vm.specification.name" value="Java Virtual Machine Specification"/>
    <property name="java.awt.printerjob" value="sun.awt.windows.WPrinterJob"/>
    <property name="sun.os.patch.level" value=""/>
    <property name="java.library.path" value="C:\Program Files\Java\jdk1.8.0_201\jre\bin;C:\WINDOWS\Sun\Java\bin;C:\WINDOWS\system32;C:\WINDOWS;C:\Program Files\Haskell\bin;C:\Program Files\Haskell Platform\8.6.5\lib\extralibs\bin;C:\Program Files\Haskell Platform\8.6.5\bin;C:\Program Files\Python37\Scripts\;C:\Program Files\Python37\;C:\Program Files\Java\jre1.8.0_201\bin;C:\Program Files\Java\jdk1.8.0_201\bin;C:\Program Files (x86)\Python37-32\Scripts\;C:\WINDOWS\system32;C:\WINDOWS;C:\WINDOWS\System32\Wbem;C:\WINDOWS\System32\WindowsPowerShell\v1.0\;C:\WINDOWS\System32\OpenSSH\;C:\Program Files (x86)\PuTTY\;C:\Program Files (x86)\WinSCP\;C:\Program Files\Git\cmd;C:\Program Files\Microsoft SQL Server\130\Tools\Binn\;C:\Program Files\swipl\bin;&quot;C:\ProgramData\Oracle\Java\javapath;&quot;;C:\Android;C:\Android\tools;C:\Android\platform_tools;C:\Program Files\apache-maven-3.6.0\bin;C:\Program Files\Apache Software Foundation\Apache Maven 3.6.0\bin;C:\Program Files (x86)\Wolfram Research\WolframScript\;C:\Program Files\heroku\bin;C:\Program Files (x86)\Gradle\gradle-5.6.2\bin;C:\Program Files (x86)\Wing 101 7.1\bin;C:\Program Files\Haskell Platform\8.6.5\mingw\bin;C:\Program Files\java-2019-03\eclipse;C:\Users\juan.nieto-mo\AppData\Local\Microsoft\WindowsApps;;."/>
    <property name="java.vm.info" value="mixed mode"/>
    <property name="java.vendor" value="Oracle Corporation"/>
    <property name="java.vm.version" value="25.201-b09"/>
    <property name="java.ext.dirs" value="C:\Program Files\Java\jdk1.8.0_201\jre\lib\ext;C:\WINDOWS\Sun\Java\lib\ext"/>
    <property name="sun.io.unicode.encoding" value="UnicodeLittle"/>
    <property name="java.class.version" value="52.0"/>
  </properties>
  <testcase name="adivinaTest" classname="AdivinaTest.AdivinaTest" time="0.003"/>
</testsuite>